<?xml version="1.0" encoding="UTF-8"?>
<testsuite xmlns:xsi="http://www.w3.org/2001/XMLSchema-instance" xsi:noNamespaceSchemaLocation="https://maven.apache.org/surefire/maven-surefire-plugin/xsd/surefire-test-report-3.0.xsd" version="3.0" name="Runner.TestRunner" time="8.816" tests="1" errors="1" skipped="0" failures="0">
  <properties>
[...]
</properties>
  <testcase name="As user, I should be able to register" classname="Register" time="7.807">
    <error type="java.lang.NullPointerException"><![CDATA[java.lang.NullPointerException
	at Pages.BasePage.TypeAtWebElement(BasePage.java:20)
	at Pages.RegisterPage.inputPhoneNumber(RegisterPage.java:18)
	at StepsDefinition.RegisterSteps.userInputAtPhoneNumberFieldAtRegisterPage(RegisterSteps.java:19)
	at ✽.User input "0812345678" at phone number field at Register page(file:///E:/Automation/SeleniumCucumberCermati/src/test/java/Features/RegisterAccount.feature:6)
]]></error>
    <system-out><![CDATA[
@Register
Scenario: As user, I should be able to register                      &amp#27;[90m# src/test/java/Features/RegisterAccount.feature:4&amp#27;[0m
  &amp#27;[32mWhen &amp#27;[0m&amp#27;[32mUser navigate to Cermati Register page&amp#27;[0m                        &amp#27;[90m# StepsDefinition.RegisterSteps.userNavigateToCermatiRegisterPage()&amp#27;[0m
  &amp#27;[31mAnd &amp#27;[0m&amp#27;[31mUser input &amp#27;[0m&amp#27;[31m&amp#27;[1m"0812345678"&amp#27;[0m&amp#27;[31m at phone number field at Register page&amp#27;[0m &amp#27;[90m# StepsDefinition.RegisterSteps.userInputAtPhoneNumberFieldAtRegisterPage(java.lang.String)&amp#27;[0m
      &amp#27;[31mjava.lang.NullPointerException
	at Pages.BasePage.TypeAtWebElement(BasePage.java:20)
	at Pages.RegisterPage.inputPhoneNumber(RegisterPage.java:18)
	at StepsDefinition.RegisterSteps.userInputAtPhoneNumberFieldAtRegisterPage(RegisterSteps.java:19)
	at âœ½.User input "0812345678" at phone number field at Register page(file:///E:/Automation/SeleniumCucumberCermati/src/test/java/Features/RegisterAccount.feature:6)
&amp#27;[0m
]]></system-out>
    <system-err><![CDATA[SLF4J(W): No SLF4J providers were found.
SLF4J(W): Defaulting to no-operation (NOP) logger implementation
SLF4J(W): See https://www.slf4j.org/codes.html#noProviders for further details.
Mar 28, 2025 8:10:30 PM org.openqa.selenium.devtools.CdpVersionFinder findNearestMatch
WARNING: Unable to find an exact match for CDP version 134, returning the closest version; found: 132; Please update to a Selenium version that supports CDP version 134
]]></system-err>
  </testcase>
</testsuite>